


ARM Macro Assembler    Page 1 


    1 00000000         
    2 00000000         ;
    3 00000000         ; Amount of memory (in bytes) allocated for Stack
    4 00000000         ; Tailor this value to your application needs
    5 00000000         ; <h> Stack Configuration
    6 00000000         ;   <o> Stack Size (in Bytes) <0x0-0xFFFFFFFF:8>
    7 00000000         ; </h>
    8 00000000         
    9 00000000 00000400 
                       Stack_Size
                               EQU              0x00000400
   10 00000000         
   11 00000000                 AREA             STACK, NOINIT, READWRITE, ALIGN
=3
   12 00000000         Stack_Mem
                               SPACE            Stack_Size
   13 00000400         __initial_sp
   14 00000400         
   15 00000400         
   16 00000400         ; <h> Heap Configuration
   17 00000400         ;   <o>  Heap Size (in Bytes) <0x0-0xFFFFFFFF:8>
   18 00000400         ; </h>
   19 00000400         
   20 00000400 00004000 
                       Heap_Size
                               EQU              0x00004000  ;4k
   21 00000400         
   22 00000400                 AREA             HEAP, NOINIT, READWRITE, ALIGN=
3
   23 00000000         __heap_base
   24 00000000         Heap_Mem
                               SPACE            Heap_Size
   25 00004000         __heap_limit
   26 00004000         
   27 00004000                 PRESERVE8
   28 00004000                 THUMB
   29 00004000         
   30 00004000         
   31 00004000         ; Vector Table Mapped to Address 0 at Reset
   32 00004000                 AREA             RESET, DATA, READONLY
   33 00000000                 EXPORT           __Vectors
   34 00000000                 EXPORT           __Vectors_End
   35 00000000                 EXPORT           __Vectors_Size
   36 00000000         
   37 00000000 00000000 
                       __Vectors
                               DCD              __initial_sp ; Top of Stack
   38 00000004 00000000        DCD              Reset_Handler ; Reset Handler
   39 00000008 00000000        DCD              NMI_Handler ; NMI Handler
   40 0000000C 00000000        DCD              HardFault_Handler ; Hard Fault 
                                                            Handler
   41 00000010 00000000        DCD              0           ; Reserved
   42 00000014 00000000        DCD              0           ; Reserved
   43 00000018 00000000        DCD              0           ; Reserved
   44 0000001C 00000000        DCD              0           ; Reserved
   45 00000020 00000000        DCD              0           ; Reserved
   46 00000024 00000000        DCD              0           ; Reserved
   47 00000028 00000000        DCD              0           ; Reserved
   48 0000002C 00000000        DCD              SVC_Handler ; SVCall Handler



ARM Macro Assembler    Page 2 


   49 00000030 00000000        DCD              0           ; Reserved
   50 00000034 00000000        DCD              0           ; Reserved
   51 00000038 00000000        DCD              PendSV_Handler ; PendSV Handler
                                                            
   52 0000003C 00000000        DCD              SysTick_Handler 
                                                            ; SysTick Handler
   53 00000040         
   54 00000040         ; External Interrupts
   55 00000040 00000000        DCD              WKT_IRQHandler ; 0            
   56 00000044 00000000        DCD              TIM1_IRQHandler 
                                                            ; 1             
   57 00000048 00000000        DCD              TIM15_IRQHandler ; 2
   58 0000004C 00000000        DCD              TIM16_IRQHandler ; 3
   59 00000050 00000000        DCD              TIM17_IRQHandler ; 4
   60 00000054 00000000        DCD              RTC_IRQHandler ; 5            
   61 00000058 00000000        DCD              USB0_IRQHandler ; 6            
                                                            
   62 0000005C 00000000        DCD              USB0_DMA_IRQHandler ; 7
   63 00000060 00000000        DCD              TIM4_IRQHandler ; 8            
                                                            
   64 00000064 00000000        DCD              UART0_IRQHandler ; 9 --UART0 IR
                                                            
   65 00000068 00000000        DCD              UART1_IRQHandler 
                                                            ; 10 --UART1 IR
   66 0000006C 00000000        DCD              I2C0_IRQHandler ; 11 --I2C0 IRQ
                                                            
   67 00000070 00000000        DCD              UART2_IRQHandler 
                                                            ; 12 --UART2 IR
   68 00000074 00000000        DCD              QSPI0_IRQHandler 
                                                            ; 13 --QSPI0 IRQ
   69 00000078 00000000        DCD              QSPI1_IRQHandler 
                                                            ; 14 --QSPI1 IRQ
   70 0000007C 00000000        DCD              QSPI2_IRQHandler 
                                                            ; 15 --QSPI2 IRQ
   71 00000080 00000000        DCD              DMA_IRQHandler ; 16 --DMA IRQ 
   72 00000084 00000000        DCD              GPIO0_IRQHandler 
                                                            ; 17 --GPIO0_IR
   73 00000088 00000000        DCD              GPIO1_IRQHandler 
                                                            ; 18 --GPIO1_IR
   74 0000008C 00000000        DCD              ADC0_IRQHandler ; 19 --ADC0_IRQ
                                                            
   75 00000090 00000000        DCD              0           ; 
   76 00000094 00000000        DCD              BOD_IRQHandler ; 21 --BOD_IRQ 
   77 00000098 00000000        DCD              BOR_IRQHandler ; 22 --BOR_IRQ 
   78 0000009C 00000000        DCD              CMP_IRQHandler ; 23 --CMP_IRQ 
   79 000000A0 00000000        DCD              0           ; 
   80 000000A4 00000000        DCD              0           ; 
   81 000000A8 00000000        DCD              LED_IRQHandler ; 26 LED IRQ
   82 000000AC 00000000        DCD              BITCOPY_IRQHandler 
                                                            ; 27 BITCOPY IRQ
   83 000000B0         
   84 000000B0         __Vectors_End
   85 000000B0         
   86 000000B0 000000B0 
                       __Vectors_Size
                               EQU              __Vectors_End - __Vectors
   87 000000B0         
   88 000000B0                 AREA             |.text|, CODE, READONLY
   89 00000000         



ARM Macro Assembler    Page 3 


   90 00000000         ; Reset handler routine
   91 00000000         Reset_Handler
                               PROC
   92 00000000                 EXPORT           Reset_Handler                 [
WEAK]
   93 00000000                 IMPORT           __main
   94 00000000                 IMPORT           SystemInit
   95 00000000 4804            LDR              R0, =SystemInit
   96 00000002 4780            BLX              R0
   97 00000004 4804            LDR              R0, =__main
   98 00000006 4700            BX               R0
   99 00000008                 ENDP
  100 00000008         
  101 00000008         ; Dummy Exception Handlers (infinite loops which can be 
                       modified)
  102 00000008         
  103 00000008         NMI_Handler
                               PROC
  104 00000008                 EXPORT           NMI_Handler                    
[WEAK]
  105 00000008 E7FE            B                .
  106 0000000A                 ENDP
  108 0000000A         HardFault_Handler
                               PROC
  109 0000000A                 EXPORT           HardFault_Handler              
[WEAK]
  110 0000000A E7FE            B                .
  111 0000000C                 ENDP
  112 0000000C         SVC_Handler
                               PROC
  113 0000000C                 EXPORT           SVC_Handler                    
[WEAK]
  114 0000000C E7FE            B                .
  115 0000000E                 ENDP
  116 0000000E         PendSV_Handler
                               PROC
  117 0000000E                 EXPORT           PendSV_Handler                 
[WEAK]
  118 0000000E E7FE            B                .
  119 00000010                 ENDP
  120 00000010         SysTick_Handler
                               PROC
  121 00000010                 EXPORT           SysTick_Handler                
[WEAK]
  122 00000010 E7FE            B                .
  123 00000012                 ENDP
  124 00000012         
  125 00000012         Default_Handler
                               PROC
  126 00000012         
  127 00000012                 EXPORT           WKT_IRQHandler                 
[WEAK]
  128 00000012                 EXPORT           TIM1_IRQHandler              [W
EAK]
  129 00000012                 EXPORT           TIM15_IRQHandler             [W
EAK]
  130 00000012                 EXPORT           TIM16_IRQHandler             [W
EAK]
  131 00000012                 EXPORT           TIM17_IRQHandler             [W



ARM Macro Assembler    Page 4 


EAK]
  132 00000012                 EXPORT           RTC_IRQHandler                 
[WEAK]
  133 00000012                 EXPORT           USB0_IRQHandler                
[WEAK]
  134 00000012                 EXPORT           USB0_DMA_IRQHandler            
[WEAK]
  135 00000012                 EXPORT           TIM4_IRQHandler              [W
EAK]
  136 00000012                 EXPORT           UART0_IRQHandler               
[WEAK]
  137 00000012                 EXPORT           UART1_IRQHandler               
[WEAK]
  138 00000012                 EXPORT           I2C0_IRQHandler                
[WEAK]
  139 00000012                 EXPORT           UART2_IRQHandler               
[WEAK]
  140 00000012                 EXPORT           QSPI0_IRQHandler               
[WEAK]
  141 00000012                 EXPORT           QSPI1_IRQHandler               
[WEAK]
  142 00000012                 EXPORT           QSPI2_IRQHandler               
[WEAK]
  143 00000012                 EXPORT           DMA_IRQHandler                 
[WEAK]
  144 00000012                 EXPORT           GPIO0_IRQHandler               
[WEAK]
  145 00000012                 EXPORT           GPIO1_IRQHandler               
[WEAK]
  146 00000012                 EXPORT           ADC0_IRQHandler                
[WEAK]
  147 00000012                 EXPORT           BOD_IRQHandler                 
[WEAK]
  148 00000012                 EXPORT           BOR_IRQHandler                 
[WEAK]
  149 00000012                 EXPORT           CMP_IRQHandler                 
[WEAK]
  150 00000012                 EXPORT           LED_IRQHandler               [W
EAK]
  151 00000012                 EXPORT           BITCOPY_IRQHandler             
  [WEAK]
  152 00000012         
  153 00000012         WKT_IRQHandler
  154 00000012         TIM1_IRQHandler
  155 00000012         TIM15_IRQHandler
  156 00000012         TIM16_IRQHandler
  157 00000012         TIM17_IRQHandler
  158 00000012         RTC_IRQHandler
  159 00000012         USB0_IRQHandler
  160 00000012         USB0_DMA_IRQHandler
  161 00000012         TIM4_IRQHandler
  162 00000012         UART0_IRQHandler
  163 00000012         UART1_IRQHandler
  164 00000012         I2C0_IRQHandler
  165 00000012         UART2_IRQHandler
  166 00000012         QSPI0_IRQHandler
  167 00000012         QSPI1_IRQHandler
  168 00000012         QSPI2_IRQHandler
  169 00000012         DMA_IRQHandler



ARM Macro Assembler    Page 5 


  170 00000012         GPIO0_IRQHandler
  171 00000012         GPIO1_IRQHandler
  172 00000012         ADC0_IRQHandler
  173 00000012         BOD_IRQHandler
  174 00000012         BOR_IRQHandler
  175 00000012         CMP_IRQHandler
  176 00000012         LED_IRQHandler
  177 00000012         BITCOPY_IRQHandler
  178 00000012         
  179 00000012 E7FE            B                .
  180 00000014         
  181 00000014                 ENDP
  182 00000014         
  183 00000014                 ALIGN
  184 00000014         
  185 00000014         ;*******************************************************
                       ************************
  186 00000014         ; User Stack and Heap initialization
  187 00000014         ;*******************************************************
                       ************************
  188 00000014                 IF               :DEF:__MICROLIB
  189 00000014         
  190 00000014                 EXPORT           __initial_sp
  191 00000014                 EXPORT           __heap_base
  192 00000014                 EXPORT           __heap_limit
  193 00000014         
  194 00000014                 ELSE
  209                          ENDIF
  210 00000014         
  211 00000014                 END
              00000000 
              00000000 
Command Line: --debug --xref --diag_suppress=9931 --cpu=Cortex-M0 --apcs=interw
ork --depend=.\obj\startup_y6.d -o.\obj\startup_y6.o -I.\RTE\_Y6 -ID:\li\MDK5\A
RM\CMSIS\5.9.0\CMSIS\Core\Include -ID:\li\MDK5\ARM\CMSIS\5.9.0\Device\ARM\ARMCM
0\Include --predefine="__MICROLIB SETA 1" --predefine="__UVISION_VERSION SETA 5
38" --predefine="_RTE_ SETA 1" --predefine="ARMCM0 SETA 1" --predefine="_RTE_ S
ETA 1" --list=.\list\startup_y6.lst TDO_Y6xxBSP\CMSIS\Device\TDO\Y6\Source\Temp
lates\arm\startup_Y6.s



ARM Macro Assembler    Page 1 Alphabetic symbol ordering
Relocatable symbols

STACK 00000000

Symbol: STACK
   Definitions
      At line 11 in file TDO_Y6xxBSP\CMSIS\Device\TDO\Y6\Source\Templates\arm\s
tartup_Y6.s
   Uses
      None
Comment: STACK unused
Stack_Mem 00000000

Symbol: Stack_Mem
   Definitions
      At line 12 in file TDO_Y6xxBSP\CMSIS\Device\TDO\Y6\Source\Templates\arm\s
tartup_Y6.s
   Uses
      None
Comment: Stack_Mem unused
__initial_sp 00000400

Symbol: __initial_sp
   Definitions
      At line 13 in file TDO_Y6xxBSP\CMSIS\Device\TDO\Y6\Source\Templates\arm\s
tartup_Y6.s
   Uses
      At line 37 in file TDO_Y6xxBSP\CMSIS\Device\TDO\Y6\Source\Templates\arm\s
tartup_Y6.s
      At line 190 in file TDO_Y6xxBSP\CMSIS\Device\TDO\Y6\Source\Templates\arm\
startup_Y6.s

3 symbols



ARM Macro Assembler    Page 1 Alphabetic symbol ordering
Relocatable symbols

HEAP 00000000

Symbol: HEAP
   Definitions
      At line 22 in file TDO_Y6xxBSP\CMSIS\Device\TDO\Y6\Source\Templates\arm\s
tartup_Y6.s
   Uses
      None
Comment: HEAP unused
Heap_Mem 00000000

Symbol: Heap_Mem
   Definitions
      At line 24 in file TDO_Y6xxBSP\CMSIS\Device\TDO\Y6\Source\Templates\arm\s
tartup_Y6.s
   Uses
      None
Comment: Heap_Mem unused
__heap_base 00000000

Symbol: __heap_base
   Definitions
      At line 23 in file TDO_Y6xxBSP\CMSIS\Device\TDO\Y6\Source\Templates\arm\s
tartup_Y6.s
   Uses
      At line 191 in file TDO_Y6xxBSP\CMSIS\Device\TDO\Y6\Source\Templates\arm\
startup_Y6.s
Comment: __heap_base used once
__heap_limit 00004000

Symbol: __heap_limit
   Definitions
      At line 25 in file TDO_Y6xxBSP\CMSIS\Device\TDO\Y6\Source\Templates\arm\s
tartup_Y6.s
   Uses
      At line 192 in file TDO_Y6xxBSP\CMSIS\Device\TDO\Y6\Source\Templates\arm\
startup_Y6.s
Comment: __heap_limit used once
4 symbols



ARM Macro Assembler    Page 1 Alphabetic symbol ordering
Relocatable symbols

RESET 00000000

Symbol: RESET
   Definitions
      At line 32 in file TDO_Y6xxBSP\CMSIS\Device\TDO\Y6\Source\Templates\arm\s
tartup_Y6.s
   Uses
      None
Comment: RESET unused
__Vectors 00000000

Symbol: __Vectors
   Definitions
      At line 37 in file TDO_Y6xxBSP\CMSIS\Device\TDO\Y6\Source\Templates\arm\s
tartup_Y6.s
   Uses
      At line 33 in file TDO_Y6xxBSP\CMSIS\Device\TDO\Y6\Source\Templates\arm\s
tartup_Y6.s
      At line 86 in file TDO_Y6xxBSP\CMSIS\Device\TDO\Y6\Source\Templates\arm\s
tartup_Y6.s

__Vectors_End 000000B0

Symbol: __Vectors_End
   Definitions
      At line 84 in file TDO_Y6xxBSP\CMSIS\Device\TDO\Y6\Source\Templates\arm\s
tartup_Y6.s
   Uses
      At line 34 in file TDO_Y6xxBSP\CMSIS\Device\TDO\Y6\Source\Templates\arm\s
tartup_Y6.s
      At line 86 in file TDO_Y6xxBSP\CMSIS\Device\TDO\Y6\Source\Templates\arm\s
tartup_Y6.s

3 symbols



ARM Macro Assembler    Page 1 Alphabetic symbol ordering
Relocatable symbols

.text 00000000

Symbol: .text
   Definitions
      At line 88 in file TDO_Y6xxBSP\CMSIS\Device\TDO\Y6\Source\Templates\arm\s
tartup_Y6.s
   Uses
      None
Comment: .text unused
ADC0_IRQHandler 00000012

Symbol: ADC0_IRQHandler
   Definitions
      At line 172 in file TDO_Y6xxBSP\CMSIS\Device\TDO\Y6\Source\Templates\arm\
startup_Y6.s
   Uses
      At line 74 in file TDO_Y6xxBSP\CMSIS\Device\TDO\Y6\Source\Templates\arm\s
tartup_Y6.s
      At line 146 in file TDO_Y6xxBSP\CMSIS\Device\TDO\Y6\Source\Templates\arm\
startup_Y6.s

BITCOPY_IRQHandler 00000012

Symbol: BITCOPY_IRQHandler
   Definitions
      At line 177 in file TDO_Y6xxBSP\CMSIS\Device\TDO\Y6\Source\Templates\arm\
startup_Y6.s
   Uses
      At line 82 in file TDO_Y6xxBSP\CMSIS\Device\TDO\Y6\Source\Templates\arm\s
tartup_Y6.s
      At line 151 in file TDO_Y6xxBSP\CMSIS\Device\TDO\Y6\Source\Templates\arm\
startup_Y6.s

BOD_IRQHandler 00000012

Symbol: BOD_IRQHandler
   Definitions
      At line 173 in file TDO_Y6xxBSP\CMSIS\Device\TDO\Y6\Source\Templates\arm\
startup_Y6.s
   Uses
      At line 76 in file TDO_Y6xxBSP\CMSIS\Device\TDO\Y6\Source\Templates\arm\s
tartup_Y6.s
      At line 147 in file TDO_Y6xxBSP\CMSIS\Device\TDO\Y6\Source\Templates\arm\
startup_Y6.s

BOR_IRQHandler 00000012

Symbol: BOR_IRQHandler
   Definitions
      At line 174 in file TDO_Y6xxBSP\CMSIS\Device\TDO\Y6\Source\Templates\arm\
startup_Y6.s
   Uses
      At line 77 in file TDO_Y6xxBSP\CMSIS\Device\TDO\Y6\Source\Templates\arm\s
tartup_Y6.s
      At line 148 in file TDO_Y6xxBSP\CMSIS\Device\TDO\Y6\Source\Templates\arm\
startup_Y6.s

CMP_IRQHandler 00000012




ARM Macro Assembler    Page 2 Alphabetic symbol ordering
Relocatable symbols

Symbol: CMP_IRQHandler
   Definitions
      At line 175 in file TDO_Y6xxBSP\CMSIS\Device\TDO\Y6\Source\Templates\arm\
startup_Y6.s
   Uses
      At line 78 in file TDO_Y6xxBSP\CMSIS\Device\TDO\Y6\Source\Templates\arm\s
tartup_Y6.s
      At line 149 in file TDO_Y6xxBSP\CMSIS\Device\TDO\Y6\Source\Templates\arm\
startup_Y6.s

DMA_IRQHandler 00000012

Symbol: DMA_IRQHandler
   Definitions
      At line 169 in file TDO_Y6xxBSP\CMSIS\Device\TDO\Y6\Source\Templates\arm\
startup_Y6.s
   Uses
      At line 71 in file TDO_Y6xxBSP\CMSIS\Device\TDO\Y6\Source\Templates\arm\s
tartup_Y6.s
      At line 143 in file TDO_Y6xxBSP\CMSIS\Device\TDO\Y6\Source\Templates\arm\
startup_Y6.s

Default_Handler 00000012

Symbol: Default_Handler
   Definitions
      At line 125 in file TDO_Y6xxBSP\CMSIS\Device\TDO\Y6\Source\Templates\arm\
startup_Y6.s
   Uses
      None
Comment: Default_Handler unused
GPIO0_IRQHandler 00000012

Symbol: GPIO0_IRQHandler
   Definitions
      At line 170 in file TDO_Y6xxBSP\CMSIS\Device\TDO\Y6\Source\Templates\arm\
startup_Y6.s
   Uses
      At line 72 in file TDO_Y6xxBSP\CMSIS\Device\TDO\Y6\Source\Templates\arm\s
tartup_Y6.s
      At line 144 in file TDO_Y6xxBSP\CMSIS\Device\TDO\Y6\Source\Templates\arm\
startup_Y6.s

GPIO1_IRQHandler 00000012

Symbol: GPIO1_IRQHandler
   Definitions
      At line 171 in file TDO_Y6xxBSP\CMSIS\Device\TDO\Y6\Source\Templates\arm\
startup_Y6.s
   Uses
      At line 73 in file TDO_Y6xxBSP\CMSIS\Device\TDO\Y6\Source\Templates\arm\s
tartup_Y6.s
      At line 145 in file TDO_Y6xxBSP\CMSIS\Device\TDO\Y6\Source\Templates\arm\
startup_Y6.s

HardFault_Handler 0000000A

Symbol: HardFault_Handler
   Definitions



ARM Macro Assembler    Page 3 Alphabetic symbol ordering
Relocatable symbols

      At line 108 in file TDO_Y6xxBSP\CMSIS\Device\TDO\Y6\Source\Templates\arm\
startup_Y6.s
   Uses
      At line 40 in file TDO_Y6xxBSP\CMSIS\Device\TDO\Y6\Source\Templates\arm\s
tartup_Y6.s
      At line 109 in file TDO_Y6xxBSP\CMSIS\Device\TDO\Y6\Source\Templates\arm\
startup_Y6.s

I2C0_IRQHandler 00000012

Symbol: I2C0_IRQHandler
   Definitions
      At line 164 in file TDO_Y6xxBSP\CMSIS\Device\TDO\Y6\Source\Templates\arm\
startup_Y6.s
   Uses
      At line 66 in file TDO_Y6xxBSP\CMSIS\Device\TDO\Y6\Source\Templates\arm\s
tartup_Y6.s
      At line 138 in file TDO_Y6xxBSP\CMSIS\Device\TDO\Y6\Source\Templates\arm\
startup_Y6.s

LED_IRQHandler 00000012

Symbol: LED_IRQHandler
   Definitions
      At line 176 in file TDO_Y6xxBSP\CMSIS\Device\TDO\Y6\Source\Templates\arm\
startup_Y6.s
   Uses
      At line 81 in file TDO_Y6xxBSP\CMSIS\Device\TDO\Y6\Source\Templates\arm\s
tartup_Y6.s
      At line 150 in file TDO_Y6xxBSP\CMSIS\Device\TDO\Y6\Source\Templates\arm\
startup_Y6.s

NMI_Handler 00000008

Symbol: NMI_Handler
   Definitions
      At line 103 in file TDO_Y6xxBSP\CMSIS\Device\TDO\Y6\Source\Templates\arm\
startup_Y6.s
   Uses
      At line 39 in file TDO_Y6xxBSP\CMSIS\Device\TDO\Y6\Source\Templates\arm\s
tartup_Y6.s
      At line 104 in file TDO_Y6xxBSP\CMSIS\Device\TDO\Y6\Source\Templates\arm\
startup_Y6.s

PendSV_Handler 0000000E

Symbol: PendSV_Handler
   Definitions
      At line 116 in file TDO_Y6xxBSP\CMSIS\Device\TDO\Y6\Source\Templates\arm\
startup_Y6.s
   Uses
      At line 51 in file TDO_Y6xxBSP\CMSIS\Device\TDO\Y6\Source\Templates\arm\s
tartup_Y6.s
      At line 117 in file TDO_Y6xxBSP\CMSIS\Device\TDO\Y6\Source\Templates\arm\
startup_Y6.s

QSPI0_IRQHandler 00000012

Symbol: QSPI0_IRQHandler



ARM Macro Assembler    Page 4 Alphabetic symbol ordering
Relocatable symbols

   Definitions
      At line 166 in file TDO_Y6xxBSP\CMSIS\Device\TDO\Y6\Source\Templates\arm\
startup_Y6.s
   Uses
      At line 68 in file TDO_Y6xxBSP\CMSIS\Device\TDO\Y6\Source\Templates\arm\s
tartup_Y6.s
      At line 140 in file TDO_Y6xxBSP\CMSIS\Device\TDO\Y6\Source\Templates\arm\
startup_Y6.s

QSPI1_IRQHandler 00000012

Symbol: QSPI1_IRQHandler
   Definitions
      At line 167 in file TDO_Y6xxBSP\CMSIS\Device\TDO\Y6\Source\Templates\arm\
startup_Y6.s
   Uses
      At line 69 in file TDO_Y6xxBSP\CMSIS\Device\TDO\Y6\Source\Templates\arm\s
tartup_Y6.s
      At line 141 in file TDO_Y6xxBSP\CMSIS\Device\TDO\Y6\Source\Templates\arm\
startup_Y6.s

QSPI2_IRQHandler 00000012

Symbol: QSPI2_IRQHandler
   Definitions
      At line 168 in file TDO_Y6xxBSP\CMSIS\Device\TDO\Y6\Source\Templates\arm\
startup_Y6.s
   Uses
      At line 70 in file TDO_Y6xxBSP\CMSIS\Device\TDO\Y6\Source\Templates\arm\s
tartup_Y6.s
      At line 142 in file TDO_Y6xxBSP\CMSIS\Device\TDO\Y6\Source\Templates\arm\
startup_Y6.s

RTC_IRQHandler 00000012

Symbol: RTC_IRQHandler
   Definitions
      At line 158 in file TDO_Y6xxBSP\CMSIS\Device\TDO\Y6\Source\Templates\arm\
startup_Y6.s
   Uses
      At line 60 in file TDO_Y6xxBSP\CMSIS\Device\TDO\Y6\Source\Templates\arm\s
tartup_Y6.s
      At line 132 in file TDO_Y6xxBSP\CMSIS\Device\TDO\Y6\Source\Templates\arm\
startup_Y6.s

Reset_Handler 00000000

Symbol: Reset_Handler
   Definitions
      At line 91 in file TDO_Y6xxBSP\CMSIS\Device\TDO\Y6\Source\Templates\arm\s
tartup_Y6.s
   Uses
      At line 38 in file TDO_Y6xxBSP\CMSIS\Device\TDO\Y6\Source\Templates\arm\s
tartup_Y6.s
      At line 92 in file TDO_Y6xxBSP\CMSIS\Device\TDO\Y6\Source\Templates\arm\s
tartup_Y6.s

SVC_Handler 0000000C




ARM Macro Assembler    Page 5 Alphabetic symbol ordering
Relocatable symbols

Symbol: SVC_Handler
   Definitions
      At line 112 in file TDO_Y6xxBSP\CMSIS\Device\TDO\Y6\Source\Templates\arm\
startup_Y6.s
   Uses
      At line 48 in file TDO_Y6xxBSP\CMSIS\Device\TDO\Y6\Source\Templates\arm\s
tartup_Y6.s
      At line 113 in file TDO_Y6xxBSP\CMSIS\Device\TDO\Y6\Source\Templates\arm\
startup_Y6.s

SysTick_Handler 00000010

Symbol: SysTick_Handler
   Definitions
      At line 120 in file TDO_Y6xxBSP\CMSIS\Device\TDO\Y6\Source\Templates\arm\
startup_Y6.s
   Uses
      At line 52 in file TDO_Y6xxBSP\CMSIS\Device\TDO\Y6\Source\Templates\arm\s
tartup_Y6.s
      At line 121 in file TDO_Y6xxBSP\CMSIS\Device\TDO\Y6\Source\Templates\arm\
startup_Y6.s

TIM15_IRQHandler 00000012

Symbol: TIM15_IRQHandler
   Definitions
      At line 155 in file TDO_Y6xxBSP\CMSIS\Device\TDO\Y6\Source\Templates\arm\
startup_Y6.s
   Uses
      At line 57 in file TDO_Y6xxBSP\CMSIS\Device\TDO\Y6\Source\Templates\arm\s
tartup_Y6.s
      At line 129 in file TDO_Y6xxBSP\CMSIS\Device\TDO\Y6\Source\Templates\arm\
startup_Y6.s

TIM16_IRQHandler 00000012

Symbol: TIM16_IRQHandler
   Definitions
      At line 156 in file TDO_Y6xxBSP\CMSIS\Device\TDO\Y6\Source\Templates\arm\
startup_Y6.s
   Uses
      At line 58 in file TDO_Y6xxBSP\CMSIS\Device\TDO\Y6\Source\Templates\arm\s
tartup_Y6.s
      At line 130 in file TDO_Y6xxBSP\CMSIS\Device\TDO\Y6\Source\Templates\arm\
startup_Y6.s

TIM17_IRQHandler 00000012

Symbol: TIM17_IRQHandler
   Definitions
      At line 157 in file TDO_Y6xxBSP\CMSIS\Device\TDO\Y6\Source\Templates\arm\
startup_Y6.s
   Uses
      At line 59 in file TDO_Y6xxBSP\CMSIS\Device\TDO\Y6\Source\Templates\arm\s
tartup_Y6.s
      At line 131 in file TDO_Y6xxBSP\CMSIS\Device\TDO\Y6\Source\Templates\arm\
startup_Y6.s

TIM1_IRQHandler 00000012



ARM Macro Assembler    Page 6 Alphabetic symbol ordering
Relocatable symbols


Symbol: TIM1_IRQHandler
   Definitions
      At line 154 in file TDO_Y6xxBSP\CMSIS\Device\TDO\Y6\Source\Templates\arm\
startup_Y6.s
   Uses
      At line 56 in file TDO_Y6xxBSP\CMSIS\Device\TDO\Y6\Source\Templates\arm\s
tartup_Y6.s
      At line 128 in file TDO_Y6xxBSP\CMSIS\Device\TDO\Y6\Source\Templates\arm\
startup_Y6.s

TIM4_IRQHandler 00000012

Symbol: TIM4_IRQHandler
   Definitions
      At line 161 in file TDO_Y6xxBSP\CMSIS\Device\TDO\Y6\Source\Templates\arm\
startup_Y6.s
   Uses
      At line 63 in file TDO_Y6xxBSP\CMSIS\Device\TDO\Y6\Source\Templates\arm\s
tartup_Y6.s
      At line 135 in file TDO_Y6xxBSP\CMSIS\Device\TDO\Y6\Source\Templates\arm\
startup_Y6.s

UART0_IRQHandler 00000012

Symbol: UART0_IRQHandler
   Definitions
      At line 162 in file TDO_Y6xxBSP\CMSIS\Device\TDO\Y6\Source\Templates\arm\
startup_Y6.s
   Uses
      At line 64 in file TDO_Y6xxBSP\CMSIS\Device\TDO\Y6\Source\Templates\arm\s
tartup_Y6.s
      At line 136 in file TDO_Y6xxBSP\CMSIS\Device\TDO\Y6\Source\Templates\arm\
startup_Y6.s

UART1_IRQHandler 00000012

Symbol: UART1_IRQHandler
   Definitions
      At line 163 in file TDO_Y6xxBSP\CMSIS\Device\TDO\Y6\Source\Templates\arm\
startup_Y6.s
   Uses
      At line 65 in file TDO_Y6xxBSP\CMSIS\Device\TDO\Y6\Source\Templates\arm\s
tartup_Y6.s
      At line 137 in file TDO_Y6xxBSP\CMSIS\Device\TDO\Y6\Source\Templates\arm\
startup_Y6.s

UART2_IRQHandler 00000012

Symbol: UART2_IRQHandler
   Definitions
      At line 165 in file TDO_Y6xxBSP\CMSIS\Device\TDO\Y6\Source\Templates\arm\
startup_Y6.s
   Uses
      At line 67 in file TDO_Y6xxBSP\CMSIS\Device\TDO\Y6\Source\Templates\arm\s
tartup_Y6.s
      At line 139 in file TDO_Y6xxBSP\CMSIS\Device\TDO\Y6\Source\Templates\arm\
startup_Y6.s




ARM Macro Assembler    Page 7 Alphabetic symbol ordering
Relocatable symbols

USB0_DMA_IRQHandler 00000012

Symbol: USB0_DMA_IRQHandler
   Definitions
      At line 160 in file TDO_Y6xxBSP\CMSIS\Device\TDO\Y6\Source\Templates\arm\
startup_Y6.s
   Uses
      At line 62 in file TDO_Y6xxBSP\CMSIS\Device\TDO\Y6\Source\Templates\arm\s
tartup_Y6.s
      At line 134 in file TDO_Y6xxBSP\CMSIS\Device\TDO\Y6\Source\Templates\arm\
startup_Y6.s

USB0_IRQHandler 00000012

Symbol: USB0_IRQHandler
   Definitions
      At line 159 in file TDO_Y6xxBSP\CMSIS\Device\TDO\Y6\Source\Templates\arm\
startup_Y6.s
   Uses
      At line 61 in file TDO_Y6xxBSP\CMSIS\Device\TDO\Y6\Source\Templates\arm\s
tartup_Y6.s
      At line 133 in file TDO_Y6xxBSP\CMSIS\Device\TDO\Y6\Source\Templates\arm\
startup_Y6.s

WKT_IRQHandler 00000012

Symbol: WKT_IRQHandler
   Definitions
      At line 153 in file TDO_Y6xxBSP\CMSIS\Device\TDO\Y6\Source\Templates\arm\
startup_Y6.s
   Uses
      At line 55 in file TDO_Y6xxBSP\CMSIS\Device\TDO\Y6\Source\Templates\arm\s
tartup_Y6.s
      At line 127 in file TDO_Y6xxBSP\CMSIS\Device\TDO\Y6\Source\Templates\arm\
startup_Y6.s

33 symbols



ARM Macro Assembler    Page 1 Alphabetic symbol ordering
Absolute symbols

Heap_Size 00004000

Symbol: Heap_Size
   Definitions
      At line 20 in file TDO_Y6xxBSP\CMSIS\Device\TDO\Y6\Source\Templates\arm\s
tartup_Y6.s
   Uses
      At line 24 in file TDO_Y6xxBSP\CMSIS\Device\TDO\Y6\Source\Templates\arm\s
tartup_Y6.s
Comment: Heap_Size used once
Stack_Size 00000400

Symbol: Stack_Size
   Definitions
      At line 9 in file TDO_Y6xxBSP\CMSIS\Device\TDO\Y6\Source\Templates\arm\st
artup_Y6.s
   Uses
      At line 12 in file TDO_Y6xxBSP\CMSIS\Device\TDO\Y6\Source\Templates\arm\s
tartup_Y6.s
Comment: Stack_Size used once
__Vectors_Size 000000B0

Symbol: __Vectors_Size
   Definitions
      At line 86 in file TDO_Y6xxBSP\CMSIS\Device\TDO\Y6\Source\Templates\arm\s
tartup_Y6.s
   Uses
      At line 35 in file TDO_Y6xxBSP\CMSIS\Device\TDO\Y6\Source\Templates\arm\s
tartup_Y6.s
Comment: __Vectors_Size used once
3 symbols



ARM Macro Assembler    Page 1 Alphabetic symbol ordering
External symbols

SystemInit 00000000

Symbol: SystemInit
   Definitions
      At line 94 in file TDO_Y6xxBSP\CMSIS\Device\TDO\Y6\Source\Templates\arm\s
tartup_Y6.s
   Uses
      At line 95 in file TDO_Y6xxBSP\CMSIS\Device\TDO\Y6\Source\Templates\arm\s
tartup_Y6.s
Comment: SystemInit used once
__main 00000000

Symbol: __main
   Definitions
      At line 93 in file TDO_Y6xxBSP\CMSIS\Device\TDO\Y6\Source\Templates\arm\s
tartup_Y6.s
   Uses
      At line 97 in file TDO_Y6xxBSP\CMSIS\Device\TDO\Y6\Source\Templates\arm\s
tartup_Y6.s
Comment: __main used once
2 symbols
384 symbols in table
